c:\users\dissi\documents\visual studio 2013\projects\mars_rover_v1\mars_rover_v1\debug\vc120.pdb
c:\users\dissi\documents\visual studio 2013\projects\mars_rover_v1\mars_rover_v1\debug\vc120.idb
c:\users\dissi\documents\visual studio 2013\projects\mars_rover_v1\mars_rover_v1\debug\base.obj
c:\users\dissi\documents\visual studio 2013\projects\mars_rover_v1\mars_rover_v1\debug\camera.obj
c:\users\dissi\documents\visual studio 2013\projects\mars_rover_v1\mars_rover_v1\debug\location.obj
c:\users\dissi\documents\visual studio 2013\projects\mars_rover_v1\mars_rover_v1\debug\motor.obj
c:\users\dissi\documents\visual studio 2013\projects\mars_rover_v1\mars_rover_v1\debug\turn.obj
c:\users\dissi\documents\visual studio 2013\projects\mars_rover_v1\debug\mars_rover_v1.pdb
c:\users\dissi\documents\visual studio 2013\projects\mars_rover_v1\mars_rover_v1\debug\mars_rover_v1.tlog\cl.command.1.tlog
c:\users\dissi\documents\visual studio 2013\projects\mars_rover_v1\mars_rover_v1\debug\mars_rover_v1.tlog\cl.read.1.tlog
c:\users\dissi\documents\visual studio 2013\projects\mars_rover_v1\mars_rover_v1\debug\mars_rover_v1.tlog\cl.write.1.tlog
c:\users\dissi\documents\visual studio 2013\projects\mars_rover_v1\mars_rover_v1\debug\mars_rover_v1.tlog\link.8568-cvtres.read.1.tlog
c:\users\dissi\documents\visual studio 2013\projects\mars_rover_v1\mars_rover_v1\debug\mars_rover_v1.tlog\link.8568-cvtres.write.1.tlog
c:\users\dissi\documents\visual studio 2013\projects\mars_rover_v1\mars_rover_v1\debug\mars_rover_v1.tlog\link.8568-rc.read.1.tlog
c:\users\dissi\documents\visual studio 2013\projects\mars_rover_v1\mars_rover_v1\debug\mars_rover_v1.tlog\link.8568-rc.write.1.tlog
c:\users\dissi\documents\visual studio 2013\projects\mars_rover_v1\mars_rover_v1\debug\mars_rover_v1.tlog\link.8568.read.1.tlog
c:\users\dissi\documents\visual studio 2013\projects\mars_rover_v1\mars_rover_v1\debug\mars_rover_v1.tlog\link.8568.write.1.tlog
c:\users\dissi\documents\visual studio 2013\projects\mars_rover_v1\mars_rover_v1\debug\mars_rover_v1.tlog\link.command.1.tlog
c:\users\dissi\documents\visual studio 2013\projects\mars_rover_v1\mars_rover_v1\debug\mars_rover_v1.tlog\link.read.1.tlog
c:\users\dissi\documents\visual studio 2013\projects\mars_rover_v1\mars_rover_v1\debug\mars_rover_v1.tlog\link.write.1.tlog
